<?xml version="1.0" encoding="UTF-8"?>
<!-- Generated by org.testng.reporters.JUnitXMLReporter -->
<testsuite hostname="DESKTOP-8GVID27" ignored="0" name="Default test" tests="3" failures="0" timestamp="02 Jun 2019 20:23:48 GMT" time="20.015" errors="0">
  <testcase name="addFirstItem" time="7.153" classname="Framework.TestNG.Practice2"/>
  <testcase name="addSecondItem" time="2.903" classname="Framework.TestNG.Practice2"/>
  <testcase name="addThirdItem" time="2.944" classname="Framework.TestNG.Practice2"/>
</testsuite> <!-- Default test -->
