<?xml version="1.0" encoding="UTF-8"?>
<testng-results skipped="0" failed="0" ignored="0" total="3" passed="3">
  <reporter-output>
  </reporter-output>
  <suite name="Default suite" duration-ms="20015" started-at="2019-06-02T20:23:28Z" finished-at="2019-06-02T20:23:48Z">
    <groups>
    </groups>
    <test name="Default test" duration-ms="20015" started-at="2019-06-02T20:23:28Z" finished-at="2019-06-02T20:23:48Z">
      <class name="Framework.TestNG.Practice2">
        <test-method status="PASS" signature="setEnviroment()[pri:0, instance:Framework.TestNG.Practice2@4667ae56]" name="setEnviroment" is-config="true" duration-ms="4302" started-at="2019-06-02T20:23:28Z" finished-at="2019-06-02T20:23:33Z">
          <reporter-output>
          </reporter-output>
        </test-method> <!-- setEnviroment -->
        <test-method status="PASS" signature="addFirstItem()[pri:0, instance:Framework.TestNG.Practice2@4667ae56]" name="addFirstItem" duration-ms="7153" started-at="2019-06-02T20:23:33Z" finished-at="2019-06-02T20:23:40Z">
          <reporter-output>
          </reporter-output>
        </test-method> <!-- addFirstItem -->
        <test-method status="PASS" signature="addSecondItem()[pri:0, instance:Framework.TestNG.Practice2@4667ae56]" name="addSecondItem" duration-ms="2903" started-at="2019-06-02T20:23:40Z" finished-at="2019-06-02T20:23:43Z">
          <reporter-output>
          </reporter-output>
        </test-method> <!-- addSecondItem -->
        <test-method status="PASS" signature="addThirdItem()[pri:0, instance:Framework.TestNG.Practice2@4667ae56]" name="addThirdItem" duration-ms="2944" started-at="2019-06-02T20:23:43Z" finished-at="2019-06-02T20:23:46Z">
          <reporter-output>
          </reporter-output>
        </test-method> <!-- addThirdItem -->
        <test-method status="PASS" signature="closeTheEnviroment()[pri:0, instance:Framework.TestNG.Practice2@4667ae56]" name="closeTheEnviroment" is-config="true" duration-ms="2686" started-at="2019-06-02T20:23:46Z" finished-at="2019-06-02T20:23:48Z">
          <reporter-output>
          </reporter-output>
        </test-method> <!-- closeTheEnviroment -->
      </class> <!-- Framework.TestNG.Practice2 -->
    </test> <!-- Default test -->
  </suite> <!-- Default suite -->
</testng-results>
